2021-12-18 19:22:02,606 INFO o.a.j.u.JMeterUtils: Setting Locale to en_EN
2021-12-18 19:22:02,628 INFO o.a.j.JMeter: Loading user properties from: user.properties
2021-12-18 19:22:02,629 INFO o.a.j.JMeter: Loading system properties from: system.properties
2021-12-18 19:22:02,637 INFO o.a.j.JMeter: Copyright (c) 1998-2021 The Apache Software Foundation
2021-12-18 19:22:02,637 INFO o.a.j.JMeter: Version 5.4.1
2021-12-18 19:22:02,637 INFO o.a.j.JMeter: java.version=15.0.2
2021-12-18 19:22:02,638 INFO o.a.j.JMeter: java.vm.name=Java HotSpot(TM) 64-Bit Server VM
2021-12-18 19:22:02,638 INFO o.a.j.JMeter: os.name=Linux
2021-12-18 19:22:02,638 INFO o.a.j.JMeter: os.arch=amd64
2021-12-18 19:22:02,638 INFO o.a.j.JMeter: os.version=5.11.0-43-generic
2021-12-18 19:22:02,638 INFO o.a.j.JMeter: file.encoding=UTF-8
2021-12-18 19:22:02,638 INFO o.a.j.JMeter: java.awt.headless=null
2021-12-18 19:22:02,638 INFO o.a.j.JMeter: Max memory     =1073741824
2021-12-18 19:22:02,638 INFO o.a.j.JMeter: Available Processors =4
2021-12-18 19:22:02,649 INFO o.a.j.JMeter: Default Locale=English (EN)
2021-12-18 19:22:02,649 INFO o.a.j.JMeter: JMeter  Locale=English (EN)
2021-12-18 19:22:02,649 INFO o.a.j.JMeter: JMeterHome=/home/jahangir/my_projects/ms-jemeter-load-generator/apache-jmeter-5.4.1
2021-12-18 19:22:02,649 INFO o.a.j.JMeter: user.dir  =/home/jahangir/my_projects/ms-jemeter-load-generator/apache-jmeter-5.4.1/bin
2021-12-18 19:22:02,649 INFO o.a.j.JMeter: PWD       =/home/jahangir/my_projects/ms-jemeter-load-generator/apache-jmeter-5.4.1/bin
2021-12-18 19:22:02,650 INFO o.a.j.JMeter: IP: 127.0.1.1 Name: ThinkCentre-M93p FullName: ThinkCentre-M93p
2021-12-18 19:22:02,962 INFO o.a.j.JMeter: Setting LAF to: com.github.weisj.darklaf.DarkLaf:com.github.weisj.darklaf.theme.DarculaTheme
2021-12-18 19:22:03,487 INFO o.a.j.JMeter: Loaded icon properties from org/apache/jmeter/images/icon.properties
2021-12-18 19:22:20,070 INFO o.a.j.s.FileServer: Default base='/home/jahangir/my_projects/ms-jemeter-load-generator/apache-jmeter-5.4.1/bin'
2021-12-18 19:22:20,074 INFO o.a.j.g.a.Load: Loading file: /home/jahangir/my_projects/ms-jemeter-load-generator/ms-pfofile-service.jmx
2021-12-18 19:22:20,074 INFO o.a.j.s.FileServer: Set new base='/home/jahangir/my_projects/ms-jemeter-load-generator'
2021-12-18 19:22:20,331 INFO o.a.j.s.SaveService: Testplan (JMX) version: 2.2. Testlog (JTL) version: 2.2
2021-12-18 19:22:20,346 INFO o.a.j.s.SaveService: Using SaveService properties version 5.0
2021-12-18 19:22:20,350 INFO o.a.j.s.SaveService: Using SaveService properties file encoding UTF-8
2021-12-18 19:22:20,352 INFO o.a.j.s.SaveService: Loading file: /home/jahangir/my_projects/ms-jemeter-load-generator/ms-pfofile-service.jmx
2021-12-18 19:22:20,389 INFO o.a.j.p.h.s.HTTPSamplerBase: Parser for text/html is org.apache.jmeter.protocol.http.parser.LagartoBasedHtmlParser
2021-12-18 19:22:20,390 INFO o.a.j.p.h.s.HTTPSamplerBase: Parser for application/xhtml+xml is org.apache.jmeter.protocol.http.parser.LagartoBasedHtmlParser
2021-12-18 19:22:20,390 INFO o.a.j.p.h.s.HTTPSamplerBase: Parser for application/xml is org.apache.jmeter.protocol.http.parser.LagartoBasedHtmlParser
2021-12-18 19:22:20,390 INFO o.a.j.p.h.s.HTTPSamplerBase: Parser for text/xml is org.apache.jmeter.protocol.http.parser.LagartoBasedHtmlParser
2021-12-18 19:22:20,391 INFO o.a.j.p.h.s.HTTPSamplerBase: Parser for text/vnd.wap.wml is org.apache.jmeter.protocol.http.parser.RegexpHTMLParser
2021-12-18 19:22:20,391 INFO o.a.j.p.h.s.HTTPSamplerBase: Parser for text/css is org.apache.jmeter.protocol.http.parser.CssParser
2021-12-18 19:22:20,509 INFO o.a.j.s.SampleResult: Note: Sample TimeStamps are START times
2021-12-18 19:22:20,509 INFO o.a.j.s.SampleResult: sampleresult.default.encoding is set to ISO-8859-1
2021-12-18 19:22:20,509 INFO o.a.j.s.SampleResult: sampleresult.useNanoTime=true
2021-12-18 19:22:20,510 INFO o.a.j.s.SampleResult: sampleresult.nanoThreadSleep=5000
2021-12-18 19:22:20,628 INFO o.a.j.v.ViewResultsFullVisualizer: Add JavaFX to your Java installation if you want to use renderer: org.apache.jmeter.visualizers.RenderInBrowser
2021-12-18 19:22:20,763 INFO o.a.j.s.FileServer: Set new base='/home/jahangir/my_projects/ms-jemeter-load-generator'
2021-12-18 19:22:41,133 INFO o.a.j.e.StandardJMeterEngine: Running the test!
2021-12-18 19:22:41,137 INFO o.a.j.s.SampleEvent: List of sample_variables: []
2021-12-18 19:22:41,138 INFO o.a.j.s.SampleEvent: List of sample_variables: []
2021-12-18 19:22:41,139 INFO o.a.j.e.u.CompoundVariable: Note: Function class names must contain the string: '.functions.'
2021-12-18 19:22:41,139 INFO o.a.j.e.u.CompoundVariable: Note: Function class names must not contain the string: '.gui.'
2021-12-18 19:22:41,161 INFO o.a.j.g.u.JMeterMenuBar: setRunning(true, *local*)
2021-12-18 19:22:41,230 INFO o.a.j.e.StandardJMeterEngine: Starting ThreadGroup: 1 : ms-profile-thread-group
2021-12-18 19:22:41,231 INFO o.a.j.e.StandardJMeterEngine: Starting 3 threads for group ms-profile-thread-group.
2021-12-18 19:22:41,231 INFO o.a.j.e.StandardJMeterEngine: Thread will continue on error
2021-12-18 19:22:41,232 INFO o.a.j.t.ThreadGroup: Starting thread group... number=1 threads=3 ramp-up=3 delayedStart=false
2021-12-18 19:22:41,241 INFO o.a.j.t.ThreadGroup: Started thread group number 1
2021-12-18 19:22:41,242 INFO o.a.j.e.StandardJMeterEngine: All thread groups have been started
2021-12-18 19:22:41,243 INFO o.a.j.t.JMeterThread: Thread started: ms-profile-thread-group 1-1
2021-12-18 19:22:41,246 INFO o.a.j.s.FileServer: Stored: /home/jahangir/my_projects/ms-jemeter-load-generator/ms-profile.csv
2021-12-18 19:22:42,238 INFO o.a.j.t.JMeterThread: Thread started: ms-profile-thread-group 1-2
2021-12-18 19:22:43,237 INFO o.a.j.t.JMeterThread: Thread started: ms-profile-thread-group 1-3
2021-12-18 19:22:51,266 INFO o.a.j.p.h.s.HTTPHCAbstractImpl: Local host = ThinkCentre-M93p
2021-12-18 19:22:51,273 INFO o.a.j.p.h.s.HTTPHC4Impl: HTTP request retry count = 0
2021-12-18 19:24:22,167 INFO o.a.j.t.JMeterThread: Thread is done: ms-profile-thread-group 1-1
2021-12-18 19:24:22,167 INFO o.a.j.t.JMeterThread: Thread finished: ms-profile-thread-group 1-1
2021-12-18 19:24:22,427 INFO o.a.j.t.JMeterThread: Thread is done: ms-profile-thread-group 1-2
2021-12-18 19:24:22,427 INFO o.a.j.t.JMeterThread: Thread finished: ms-profile-thread-group 1-2
2021-12-18 19:24:23,394 INFO o.a.j.t.JMeterThread: Thread is done: ms-profile-thread-group 1-3
2021-12-18 19:24:23,394 INFO o.a.j.t.JMeterThread: Thread finished: ms-profile-thread-group 1-3
2021-12-18 19:24:23,395 INFO o.a.j.e.StandardJMeterEngine: Notifying test listeners of end of test
2021-12-18 19:24:23,395 INFO o.a.j.s.FileServer: Close: /home/jahangir/my_projects/ms-jemeter-load-generator/ms-profile.csv
2021-12-18 19:24:23,395 INFO o.a.j.g.u.JMeterMenuBar: setRunning(false, *local*)
